Jul 4, 2016 11:08:25 AM com.m7.wide.eclipse.jstudio.Plugin activate
INFO: max mem: 768
Jul 4, 2016 12:37:47 PM com.m7.wide.eclipse.EclipseWideEnv$3 checkProblemViewBug
INFO: settings null
Jul 6, 2016 3:41:10 PM com.m7.wide.eclipse.jstudio.Plugin activate
INFO: max mem: 768
Jul 6, 2016 10:46:19 PM com.m7.wide.eclipse.jstudio.Plugin activate
INFO: max mem: 768
Jul 7, 2016 12:56:15 PM com.m7.wide.eclipse.jstudio.Plugin activate
INFO: max mem: 768
Jul 9, 2016 2:20:43 PM com.m7.wide.eclipse.jstudio.Plugin activate
INFO: max mem: 768
Jul 10, 2016 1:21:03 PM com.m7.wide.eclipse.jstudio.Plugin activate
INFO: max mem: 768
Jul 12, 2016 3:14:59 PM com.m7.wide.eclipse.jstudio.Plugin activate
INFO: max mem: 768
Jul 12, 2016 10:52:50 PM com.m7.wide.eclipse.jstudio.Plugin activate
INFO: max mem: 768
Jul 13, 2016 11:02:19 AM com.m7.wide.eclipse.jstudio.Plugin activate
INFO: max mem: 768
Jul 13, 2016 4:30:42 PM com.m7.wide.eclipse.jstudio.Plugin activate
INFO: max mem: 768
Jul 14, 2016 11:45:31 AM com.m7.wide.eclipse.jstudio.Plugin activate
INFO: max mem: 768
Jul 15, 2016 3:40:33 PM com.m7.wide.eclipse.jstudio.Plugin activate
INFO: max mem: 768
Jul 16, 2016 3:06:27 PM com.m7.wide.eclipse.jstudio.Plugin activate
INFO: max mem: 768
Jul 17, 2016 9:17:33 AM com.m7.wide.eclipse.jstudio.Plugin activate
INFO: max mem: 768
Jul 18, 2016 1:24:57 PM com.m7.wide.eclipse.jstudio.Plugin activate
INFO: max mem: 768
Jul 18, 2016 2:26:05 PM com.m7.wide.eclipse.jstudio.Plugin activate
INFO: max mem: 768
Jul 27, 2016 12:11:24 AM com.m7.wide.eclipse.jstudio.Plugin activate
INFO: max mem: 768
Jul 27, 2016 10:10:42 AM com.m7.wide.eclipse.jstudio.Plugin activate
INFO: max mem: 768
Jul 27, 2016 12:25:33 PM com.m7.wide.eclipse.jstudio.Plugin activate
INFO: max mem: 768
Jul 27, 2016 3:01:21 PM com.m7.wide.eclipse.jstudio.Plugin activate
INFO: max mem: 768
Jul 27, 2016 5:19:47 PM com.m7.wide.eclipse.jstudio.Plugin activate
INFO: max mem: 768
Jul 28, 2016 3:22:40 PM com.m7.wide.eclipse.jstudio.Plugin activate
INFO: max mem: 768
Jul 28, 2016 8:25:12 PM com.m7.wide.eclipse.jstudio.Plugin activate
INFO: max mem: 768
Jul 28, 2016 10:43:26 PM com.m7.wide.eclipse.jstudio.Plugin activate
INFO: max mem: 768
Jul 29, 2016 10:33:14 AM com.m7.wide.eclipse.jstudio.Plugin activate
INFO: max mem: 768
Jul 29, 2016 8:05:54 PM com.m7.wide.eclipse.jstudio.Plugin activate
INFO: max mem: 768
Jul 30, 2016 1:04:11 PM com.m7.wide.eclipse.jstudio.Plugin activate
INFO: max mem: 768
Jul 31, 2016 12:09:51 PM com.m7.wide.eclipse.jstudio.Plugin activate
INFO: max mem: 768
Aug 1, 2016 8:25:45 PM com.m7.wide.eclipse.jstudio.Plugin activate
INFO: max mem: 768
Aug 1, 2016 11:30:05 PM com.m7.wide.eclipse.jstudio.Plugin activate
INFO: max mem: 768
Aug 2, 2016 8:17:13 PM com.m7.wide.eclipse.jstudio.Plugin activate
INFO: max mem: 768
Aug 3, 2016 1:08:09 AM com.m7.wide.eclipse.jstudio.Plugin activate
INFO: max mem: 768
Aug 3, 2016 9:29:42 AM com.m7.wide.eclipse.jstudio.Plugin activate
INFO: max mem: 768
Aug 3, 2016 11:13:27 AM com.m7.wide.eclipse.jstudio.Plugin activate
INFO: max mem: 768
Aug 3, 2016 11:15:42 AM com.m7.wide.eclipse.jstudio.Plugin activate
INFO: max mem: 768
Aug 3, 2016 11:16:56 PM com.m7.wide.eclipse.jstudio.Plugin activate
INFO: max mem: 768
Aug 4, 2016 10:27:41 AM com.m7.wide.eclipse.jstudio.Plugin activate
INFO: max mem: 768
Aug 4, 2016 3:59:31 PM com.m7.wide.eclipse.jstudio.Plugin activate
INFO: max mem: 768
Aug 5, 2016 10:05:17 AM com.m7.wide.eclipse.jstudio.Plugin activate
INFO: max mem: 768
Aug 5, 2016 8:45:28 PM com.m7.wide.eclipse.jstudio.Plugin activate
INFO: max mem: 768
Aug 5, 2016 10:07:20 PM com.m7.wide.eclipse.jstudio.Plugin activate
INFO: max mem: 768
Aug 6, 2016 1:07:07 PM com.m7.wide.eclipse.jstudio.Plugin activate
INFO: max mem: 768
Aug 7, 2016 11:00:19 AM com.m7.wide.eclipse.jstudio.Plugin activate
INFO: max mem: 768
Aug 7, 2016 10:36:05 PM com.m7.wide.eclipse.jstudio.Plugin activate
INFO: max mem: 768
Aug 8, 2016 10:03:15 AM com.m7.wide.eclipse.jstudio.Plugin activate
INFO: max mem: 768
Aug 8, 2016 5:09:24 PM com.m7.wide.eclipse.jstudio.Plugin activate
INFO: max mem: 768
Aug 8, 2016 11:27:50 PM com.m7.wide.eclipse.jstudio.Plugin activate
INFO: max mem: 768
Aug 9, 2016 9:15:41 AM com.m7.wide.eclipse.jstudio.Plugin activate
INFO: max mem: 768
Aug 9, 2016 10:57:32 PM com.m7.wide.eclipse.jstudio.Plugin activate
INFO: max mem: 768
Aug 10, 2016 10:06:53 AM com.m7.wide.eclipse.jstudio.Plugin activate
INFO: max mem: 768
Aug 14, 2016 3:25:06 PM com.m7.wide.eclipse.jstudio.Plugin activate
INFO: max mem: 768
Aug 14, 2016 5:23:28 PM com.m7.wide.eclipse.jstudio.Plugin activate
INFO: max mem: 768
Aug 14, 2016 5:35:34 PM com.m7.wide.eclipse.jstudio.Plugin activate
INFO: max mem: 768
Aug 14, 2016 8:27:34 PM com.m7.wide.eclipse.jstudio.Plugin activate
INFO: max mem: 768
Aug 16, 2016 3:40:58 PM com.m7.wide.eclipse.jstudio.Plugin activate
INFO: max mem: 768
Aug 16, 2016 4:38:48 PM com.m7.wide.eclipse.jstudio.Plugin activate
INFO: max mem: 768
Aug 16, 2016 7:11:39 PM com.m7.wide.eclipse.jstudio.Plugin activate
INFO: max mem: 768
Aug 16, 2016 8:10:12 PM com.m7.wide.eclipse.jstudio.Plugin activate
INFO: max mem: 768
Aug 17, 2016 4:15:21 PM com.m7.wide.eclipse.jstudio.Plugin activate
INFO: max mem: 768
Aug 17, 2016 5:36:29 PM com.m7.wide.eclipse.jstudio.Plugin activate
INFO: max mem: 768
Aug 18, 2016 4:38:31 PM com.m7.wide.eclipse.jstudio.Plugin activate
INFO: max mem: 768
Aug 18, 2016 11:05:39 PM com.m7.wide.eclipse.jstudio.Plugin activate
INFO: max mem: 768
Aug 19, 2016 11:09:08 AM com.m7.wide.eclipse.jstudio.Plugin activate
INFO: max mem: 768
Aug 20, 2016 5:03:42 PM com.m7.wide.eclipse.jstudio.Plugin activate
INFO: max mem: 768
Aug 21, 2016 12:27:55 AM com.m7.wide.eclipse.jstudio.Plugin activate
INFO: max mem: 768
Aug 22, 2016 2:20:43 AM com.m7.wide.eclipse.jstudio.Plugin activate
INFO: max mem: 768
Aug 23, 2016 12:06:05 AM com.m7.wide.eclipse.jstudio.Plugin activate
INFO: max mem: 768
Aug 23, 2016 10:03:35 AM com.m7.wide.eclipse.jstudio.Plugin activate
INFO: max mem: 768
Aug 23, 2016 10:15:42 AM com.m7.wide.eclipse.jstudio.Plugin activate
INFO: max mem: 768
Aug 23, 2016 2:00:59 PM com.m7.wide.eclipse.jstudio.Plugin activate
INFO: max mem: 768
Aug 23, 2016 3:50:22 PM com.m7.wide.eclipse.jstudio.Plugin activate
INFO: max mem: 768
